
https://proxyportal.figs4pigs.repl.co///figs4pigs.com/./home/
https://proxyportal.figs4pigs.repl.co///figs4pigs.com/home/3D-games.html
https://proxyportal.figs4pigs.repl.co///figs4pigs.com/home/Basic.html
https://proxyportal.figs4pigs.repl.co///figs4pigs.com/home/Sandbox.html
https://proxyportal.figs4pigs.repl.co///figs4pigs.com/home/2D-games.html
https://proxyportal.figs4pigs.repl.co///figs4pigs.com/home/drive.google.com/u/1/uc?id=1d-2ccAHnVxdAkh7YQ2wIaoFzvCAzlEsk&export=download
https://proxyportal.figs4pigs.repl.co///figs4pigs.com/home/drive.google.com/u/1/uc?id=1d6bZpjxUJ7WeHUoqUVuDACVI2fcq7GuQ&export=download
https://proxyportal.figs4pigs.repl.co///figs4pigs.com/home/drive.google.com/u/1/uc?id=1d6Whs8EY5SccqHwDxuSKu3MDfx7JhhBZ&export=download
https://proxyportal.figs4pigs.repl.co///figs4pigs.com/home/drive.google.com/u/1/uc?id=1d3lR02N13edLkzPIJV1g6w8RPiTq-eYe&export=download
https://proxyportal.figs4pigs.repl.co///figs4pigs.com/home/figs4pigs.com/paper/rick-servicd
https://proxyportal.figs4pigs.repl.co///figs4pigs.com/home/images/starship.png
https://proxyportal.figs4pigs.repl.co///figs4pigs.com/home/images/image1.png
https://proxyportal.figs4pigs.repl.co///figs4pigs.com/home/jquery.js
https://proxyportal.figs4pigs.repl.co///figs4pigs.com/home/nicepage.js
https://proxyportal.figs4pigs.repl.co///figs4pigs.com/home/figs4pigs.neocities.org/newupdate/update1.2.0.js
https://proxyportal.figs4pigs.repl.co///figs4pigs.com/home/figs4pigs.com/newupdate/update1.2.0.js
https://proxyportal.figs4pigs.repl.co///figs4pigs.com/home/games/script.js
https://proxyportal.figs4pigs.repl.co///figs4pigs.com/home/games/starship/script.js
https://proxyportal.figs4pigs.repl.co///figs4pigs.com/home/games/starship/script.js
https://proxyportal.figs4pigs.repl.co///roxyportal.figs4pigs.repl.co/example.com
https://proxyportal.figs4pigs.repl.co///roxport.figs4pigs.repl.co/
https://proxyportal.figs4pigs.repl.co///roxyportal.figs4pigs.repl.co/example.com
https://proxyportal.figs4pigs.repl.co///roxport.figs4pigs.repl.co/
https://proxyportal.figs4pigs.repl.co///roxyportal.figs4pigs.repl.co/example.com
https://proxyportal.figs4pigs.repl.co///roxport.figs4pigs.repl.co/
https://proxyportal.figs4pigs.repl.co///roxyportal.figs4pigs.repl.co/example.com
https://proxyportal.figs4pigs.repl.co///roxport.figs4pigs.repl.co/
https://proxyportal.figs4pigs.repl.co///roxyportal.figs4pigs.repl.co/example.com
https://proxyportal.figs4pigs.repl.co///roxport.figs4pigs.repl.co/
https://proxyportal.figs4pigs.repl.co///roxyportal.figs4pigs.repl.co/example.com
https://proxyportal.figs4pigs.repl.co///roxport.figs4pigs.repl.co/
https://proxyportal.figs4pigs.repl.co///roxyportal.figs4pigs.repl.co/example.com
https://proxyportal.figs4pigs.repl.co///roxport.figs4pigs.repl.co/
https://proxyportal.figs4pigs.repl.co///roxyportal.figs4pigs.repl.co/example.com
https://proxyportal.figs4pigs.repl.co///roxport.figs4pigs.repl.co/
https://proxyportal.figs4pigs.repl.co///roxyportal.figs4pigs.repl.co/example.com
https://proxyportal.figs4pigs.repl.co///roxport.figs4pigs.repl.co/
https://proxyportal.figs4pigs.repl.co///roxyportal.figs4pigs.repl.co/example.com
https://proxyportal.figs4pigs.repl.co///roxport.figs4pigs.repl.co/
https://proxyportal.figs4pigs.repl.co///roxyportal.figs4pigs.repl.co/example.com
https://proxyportal.figs4pigs.repl.co///roxport.figs4pigs.repl.co/
https://proxyportal.figs4pigs.repl.co///roxyportal.figs4pigs.repl.co/example.com
https://proxyportal.figs4pigs.repl.co///roxport.figs4pigs.repl.co/
https://proxyportal.figs4pigs.repl.co///roxyportal.figs4pigs.repl.co/example.com
https://proxyportal.figs4pigs.repl.co///roxport.figs4pigs.repl.co/
https://proxyportal.figs4pigs.repl.co///roxyportal.figs4pigs.repl.co/example.com
https://proxyportal.figs4pigs.repl.co///roxport.figs4pigs.repl.co/
https://proxyportal.figs4pigs.repl.co///roxyportal.figs4pigs.repl.co/example.com
https://proxyportal.figs4pigs.repl.co///roxport.figs4pigs.repl.co/
https://proxyportal.figs4pigs.repl.co///roxyportal.figs4pigs.repl.co/example.com
https://proxyportal.figs4pigs.repl.co///roxport.figs4pigs.repl.co/
https://proxyportal.figs4pigs.repl.co///roxyportal.figs4pigs.repl.co/example.com
https://proxyportal.figs4pigs.repl.co///roxport.figs4pigs.repl.co/
https://proxyportal.figs4pigs.repl.co///roxyportal.figs4pigs.repl.co/example.com
https://proxyportal.figs4pigs.repl.co///roxport.figs4pigs.repl.co/
https://proxyportal.figs4pigs.repl.co///roxyportal.figs4pigs.repl.co/example.com
https://proxyportal.figs4pigs.repl.co///roxport.figs4pigs.repl.co/
https://proxyportal.figs4pigs.repl.co///main.py/roxyportal.figs4pigs.repl.co/example.com
https://proxyportal.figs4pigs.repl.co///main.py/roxport.figs4pigs.repl.co/
https://proxyportal.figs4pigs.repl.co///roxyportal.figs4pigs.repl.co/example.com
https://proxyportal.figs4pigs.repl.co///roxport.figs4pigs.repl.co/
https://proxyportal.figs4pigs.repl.co///roxyportal.figs4pigs.repl.co/example.com
https://proxyportal.figs4pigs.repl.co///roxport.figs4pigs.repl.co/
https://proxyportal.figs4pigs.repl.co///sw.js/s/player/c153b631/roxyportal.figs4pigs.repl.co/example.com
https://proxyportal.figs4pigs.repl.co///sw.js/s/player/c153b631/roxport.figs4pigs.repl.co/
https://proxyportal.figs4pigs.repl.co///sw.js/s/player/c153b631/player_ias.vflset/en_US/roxyportal.figs4pigs.repl.co/example.com
https://proxyportal.figs4pigs.repl.co///sw.js/s/player/c153b631/player_ias.vflset/en_US/roxport.figs4pigs.repl.co/
https://proxyportal.figs4pigs.repl.co///sw.js/roxyportal.figs4pigs.repl.co/example.com
https://proxyportal.figs4pigs.repl.co///sw.js/roxport.figs4pigs.repl.co/
https://proxyportal.figs4pigs.repl.co///manifest.webmanifest/s/search/audio/roxyportal.figs4pigs.repl.co/example.com
https://proxyportal.figs4pigs.repl.co///manifest.webmanifest/s/search/audio/roxport.figs4pigs.repl.co/
https://proxyportal.figs4pigs.repl.co///manifest.webmanifest/s/search/audio/roxyportal.figs4pigs.repl.co/example.com
https://proxyportal.figs4pigs.repl.co///manifest.webmanifest/s/search/audio/roxyportal.figs4pigs.repl.co/example.com
https://proxyportal.figs4pigs.repl.co///manifest.webmanifest/s/search/audio/roxport.figs4pigs.repl.co/
https://proxyportal.figs4pigs.repl.co///manifest.webmanifest/s/search/audio/roxport.figs4pigs.repl.co/
https://proxyportal.figs4pigs.repl.co///manifest.webmanifest/s/search/audio/roxyportal.figs4pigs.repl.co/example.com
https://proxyportal.figs4pigs.repl.co///manifest.webmanifest/s/search/audio/roxport.figs4pigs.repl.co/
https://proxyportal.figs4pigs.repl.co///manifest.webmanifest/s/search/audio/roxyportal.figs4pigs.repl.co/example.com
https://proxyportal.figs4pigs.repl.co///manifest.webmanifest/s/search/audio/roxport.figs4pigs.repl.co/
https://proxyportal.figs4pigs.repl.co///manifest.webmanifest/s/search/audio/roxyportal.figs4pigs.repl.co/example.com
https://proxyportal.figs4pigs.repl.co///manifest.webmanifest/s/search/audio/roxport.figs4pigs.repl.co/
https://proxyportal.figs4pigs.repl.co///manifest.webmanifest/s/search/audio/roxyportal.figs4pigs.repl.co/example.com
https://proxyportal.figs4pigs.repl.co///manifest.webmanifest/s/search/audio/roxyportal.figs4pigs.repl.co/example.com
https://proxyportal.figs4pigs.repl.co///manifest.webmanifest/s/search/audio/roxport.figs4pigs.repl.co/
https://proxyportal.figs4pigs.repl.co///manifest.webmanifest/s/search/audio/roxport.figs4pigs.repl.co/
https://proxyportal.figs4pigs.repl.co///manifest.webmanifest/roxyportal.figs4pigs.repl.co/example.com
https://proxyportal.figs4pigs.repl.co///manifest.webmanifest/roxport.figs4pigs.repl.co/
https://proxyportal.figs4pigs.repl.co///manifest.webmanifest/roxyportal.figs4pigs.repl.co/example.com
https://proxyportal.figs4pigs.repl.co///manifest.webmanifest/roxport.figs4pigs.repl.co/
https://proxyportal.figs4pigs.repl.co///roxyportal.figs4pigs.repl.co/example.com
https://proxyportal.figs4pigs.repl.co///roxport.figs4pigs.repl.co/
https://proxyportal.figs4pigs.repl.co///orteil.dashnet.org/cookieclicker///orteil.dashnet.org
https://proxyportal.figs4pigs.repl.co///orteil.dashnet.org/cookieclicker///dashnet.org
https://proxyportal.figs4pigs.repl.co///orteil.dashnet.org/cookieclicker/witter.com/orteil42
https://proxyportal.figs4pigs.repl.co///orteil.dashnet.org/cookieclicker/orteil42.tumblr.com
https://proxyportal.figs4pigs.repl.co///orteil.dashnet.org/cookieclicker/discordapp.com/invite/cookie
https://proxyportal.figs4pigs.repl.co///orteil.dashnet.org/cookieclicker/www.redbubble.com/people/dashnet
https://proxyportal.figs4pigs.repl.co///orteil.dashnet.org/cookieclicker/www.patreon.com/dashnet
https://proxyportal.figs4pigs.repl.co///orteil.dashnet.org/cookieclicker/lay.google.com/store/apps/details?id=org.dashnet.cookieclicker
https://proxyportal.figs4pigs.repl.co///orteil.dashnet.org/cookieclicker/ore.steampowered.com/app/1454400/Cookie_Clicker/
https://proxyportal.figs4pigs.repl.co///orteil.dashnet.org/cookieclicker///orteil.dashnet.org/randomgen/
https://proxyportal.figs4pigs.repl.co///orteil.dashnet.org/cookieclicker///orteil.dashnet.org/igm/
https://proxyportal.figs4pigs.repl.co///orteil.dashnet.org/cookieclicker/../
https://proxyportal.figs4pigs.repl.co///orteil.dashnet.org/cookieclicker/beta
https://proxyportal.figs4pigs.repl.co///orteil.dashnet.org/cookieclicker///orteil.dashnet.org/cookieclicker/v10466
https://proxyportal.figs4pigs.repl.co///orteil.dashnet.org/cookieclicker///orteil.dashnet.org/experiments/cookie/
https://proxyportal.figs4pigs.repl.co///orteil.dashnet.org/cookieclicker/www.patreon.com/dashnet
https://proxyportal.figs4pigs.repl.co///orteil.dashnet.org/cookieclicker/www.aq.com/landing/cookie/?utm_campaign=AQW_CookieClicker&utm_source=CookieClicker
https://proxyportal.figs4pigs.repl.co///orteil.dashnet.org/cookieclicker/www.facebook.com/tr?id=357399801355203&ev=PageView&noscript=1
https://proxyportal.figs4pigs.repl.co///orteil.dashnet.org/cookieclicker///cdnjs.cloudflare.com/ajax/libs/cookieconsent2/1.0.9/cookieconsent.min.js
https://proxyportal.figs4pigs.repl.co///orteil.dashnet.org/cookieclicker/base64.js
https://proxyportal.figs4pigs.repl.co///orteil.dashnet.org/cookieclicker/main.js?v=10
https://proxyportal.figs4pigs.repl.co///orteil.dashnet.org/cookieclicker/showads.js
https://proxyportal.figs4pigs.repl.co///orteil.dashnet.org/cookieclicker/agead2.googlesyndication.com/pagead/js/adsbygoogle.js
https://proxyportal.figs4pigs.repl.co///orteil.dashnet.org/cookieclicker///pagead2.googlesyndication.com/pagead/js/adsbygoogle.js
https://proxyportal.figs4pigs.repl.co///orteil.dashnet.org/cookieclicker///pagead2.googlesyndication.com/pagead/js/adsbygoogle.js
https://proxyportal.figs4pigs.repl.co///orteil.dashnet.org/cookieclicker/cdnjs.cloudflare.com/ajax/libs/cookieconsent2/1.0.9/www.dashnet.org
https://proxyportal.figs4pigs.repl.co///orteil.dashnet.org/cookieclicker/cdnjs.cloudflare.com/ajax/libs/cookieconsent2/1.0.9/orteil42.tumblr.com
https://proxyportal.figs4pigs.repl.co///orteil.dashnet.org/cookieclicker/cdnjs.cloudflare.com/ajax/libs/cookieconsent2/1.0.9/www.dashnet.org
https://proxyportal.figs4pigs.repl.co///orteil.dashnet.org/cookieclicker/cdnjs.cloudflare.com/ajax/libs/cookieconsent2/1.0.9/orteil.dashnet.org
https://proxyportal.figs4pigs.repl.co///orteil.dashnet.org/cookieclicker/cdnjs.cloudflare.com/ajax/libs/cookieconsent2/1.0.9/dashnet.org
https://proxyportal.figs4pigs.repl.co///orteil.dashnet.org/cookieclicker/agead2.googlesyndication.com/pagead/js/www.dashnet.org
https://proxyportal.figs4pigs.repl.co///orteil.dashnet.org/cookieclicker/agead2.googlesyndication.com/pagead/js/orteil42.tumblr.com
https://proxyportal.figs4pigs.repl.co///orteil.dashnet.org/cookieclicker/agead2.googlesyndication.com/pagead/js/www.dashnet.org
https://proxyportal.figs4pigs.repl.co///orteil.dashnet.org/cookieclicker/agead2.googlesyndication.com/pagead/js/orteil.dashnet.org
https://proxyportal.figs4pigs.repl.co///orteil.dashnet.org/cookieclicker/agead2.googlesyndication.com/pagead/js/dashnet.org
https://proxyportal.figs4pigs.repl.co///orteil.dashnet.org/cookieclicker/pagead2.googlesyndication.com/pagead/js/www.dashnet.org
https://proxyportal.figs4pigs.repl.co///orteil.dashnet.org/cookieclicker/pagead2.googlesyndication.com/pagead/js/orteil42.tumblr.com
https://proxyportal.figs4pigs.repl.co///orteil.dashnet.org/cookieclicker/pagead2.googlesyndication.com/pagead/js/www.dashnet.org
https://proxyportal.figs4pigs.repl.co///orteil.dashnet.org/cookieclicker/pagead2.googlesyndication.com/pagead/js/orteil.dashnet.org
https://proxyportal.figs4pigs.repl.co///orteil.dashnet.org/cookieclicker/pagead2.googlesyndication.com/pagead/js/dashnet.org
https://proxyportal.figs4pigs.repl.co///orteil.dashnet.org/cookieclickerimg/www.dashnet.org
https://proxyportal.figs4pigs.repl.co///orteil.dashnet.org/cookieclickerimg/orteil42.tumblr.com
https://proxyportal.figs4pigs.repl.co///orteil.dashnet.org/cookieclickerimg/www.dashnet.org
https://proxyportal.figs4pigs.repl.co///orteil.dashnet.org/cookieclickerimg/orteil.dashnet.org
https://proxyportal.figs4pigs.repl.co///orteil.dashnet.org/cookieclickerimg/dashnet.org
https://proxyportal.figs4pigs.repl.co///orteil.dashnet.org/cookieclickerimg/www.dashnet.org
https://proxyportal.figs4pigs.repl.co///orteil.dashnet.org/cookieclickerimg/orteil42.tumblr.com
https://proxyportal.figs4pigs.repl.co///orteil.dashnet.org/cookieclickerimg/www.dashnet.org
https://proxyportal.figs4pigs.repl.co///orteil.dashnet.org/cookieclickerimg/orteil.dashnet.org
https://proxyportal.figs4pigs.repl.co///orteil.dashnet.org/cookieclickerimg/dashnet.org
https://proxyportal.figs4pigs.repl.co///orteil.dashnet.org/cookieclickerimg/www.dashnet.org
https://proxyportal.figs4pigs.repl.co///orteil.dashnet.org/cookieclickerimg/orteil42.tumblr.com
https://proxyportal.figs4pigs.repl.co///orteil.dashnet.org/cookieclickerimg/www.dashnet.org
https://proxyportal.figs4pigs.repl.co///orteil.dashnet.org/cookieclickerimg/orteil.dashnet.org
https://proxyportal.figs4pigs.repl.co///orteil.dashnet.org/cookieclickerimg/dashnet.org
https://proxyportal.figs4pigs.repl.co///orteil.dashnet.org/cookieclickerimg/www.dashnet.org
https://proxyportal.figs4pigs.repl.co///orteil.dashnet.org/cookieclickerimg/orteil42.tumblr.com
https://proxyportal.figs4pigs.repl.co///orteil.dashnet.org/cookieclickerimg/www.dashnet.org
https://proxyportal.figs4pigs.repl.co///orteil.dashnet.org/cookieclickerimg/orteil.dashnet.org
https://proxyportal.figs4pigs.repl.co///orteil.dashnet.org/cookieclickerimg/dashnet.org
https://proxyportal.figs4pigs.repl.co///orteil.dashnet.org/cookieclickerimg/www.dashnet.org
https://proxyportal.figs4pigs.repl.co///orteil.dashnet.org/cookieclickerimg/orteil42.tumblr.com
https://proxyportal.figs4pigs.repl.co///orteil.dashnet.org/cookieclickerimg/www.dashnet.org
https://proxyportal.figs4pigs.repl.co///orteil.dashnet.org/cookieclickerimg/orteil.dashnet.org
https://proxyportal.figs4pigs.repl.co///orteil.dashnet.org/cookieclickerimg/dashnet.org
https://proxyportal.figs4pigs.repl.co///orteil.dashnet.org/cookieclickerimg/www.dashnet.org
https://proxyportal.figs4pigs.repl.co///orteil.dashnet.org/cookieclickerimg/orteil42.tumblr.com
https://proxyportal.figs4pigs.repl.co///orteil.dashnet.org/cookieclickerimg/www.dashnet.org
https://proxyportal.figs4pigs.repl.co///orteil.dashnet.org/cookieclickerimg/orteil.dashnet.org
https://proxyportal.figs4pigs.repl.co///orteil.dashnet.org/cookieclickerimg/dashnet.org
https://proxyportal.figs4pigs.repl.co///roxyportal.figs4pigs.repl.co/example.com
https://proxyportal.figs4pigs.repl.co///roxport.figs4pigs.repl.co/
https://proxyportal.figs4pigs.repl.co///favicon.ico/Game/Bubble-Tower-3D/roxyportal.figs4pigs.repl.co/example.com
https://proxyportal.figs4pigs.repl.co///favicon.ico/Game/Bubble-Tower-3D/roxport.figs4pigs.repl.co/
https://proxyportal.figs4pigs.repl.co///roxyportal.figs4pigs.repl.co/example.com
https://proxyportal.figs4pigs.repl.co///roxport.figs4pigs.repl.co/
https://proxyportal.figs4pigs.repl.co///figs4pigs.com/home/./games/minecraft/index.html
https://proxyportal.figs4pigs.repl.co///figs4pigs.com/home/./games/appel.html
https://proxyportal.figs4pigs.repl.co///figs4pigs.com/home/./games/terraria.html
https://proxyportal.figs4pigs.repl.co///figs4pigs.com/home/./games/Minecraft MMO.html
https://proxyportal.figs4pigs.repl.co///figs4pigs.com/home/figs4pigs.neocities.org/paper/rick-servicd
https://proxyportal.figs4pigs.repl.co///figs4pigs.com/home/images/subhome.png
https://proxyportal.figs4pigs.repl.co///figs4pigs.com/home/images/image7.png
https://proxyportal.figs4pigs.repl.co///figs4pigs.com/home/images/image8.png
https://proxyportal.figs4pigs.repl.co///figs4pigs.com/home/jquery.js
https://proxyportal.figs4pigs.repl.co///figs4pigs.com/home/nicepage.js
https://proxyportal.figs4pigs.repl.co///roxyportal.figs4pigs.repl.co/example.com
https://proxyportal.figs4pigs.repl.co///roxport.figs4pigs.repl.co/
https://proxyportal.figs4pigs.repl.co///roxyportal.figs4pigs.repl.co/example.com
https://proxyportal.figs4pigs.repl.co///roxport.figs4pigs.repl.co/
https://proxyportalv2.figs4pigs.repl.co///roxyportal.figs4pigs.repl.co/example.com
https://proxyportalv2.figs4pigs.repl.co///roxport.figs4pigs.repl.co/
https://proxyportalv2.figs4pigs.repl.co///roxyportal.figs4pigs.repl.co/example.com
https://proxyportalv2.figs4pigs.repl.co///roxport.figs4pigs.repl.co/
https://proxyportalv2.figs4pigs.repl.co///roxyportal.figs4pigs.repl.co/example.com
https://proxyportalv2.figs4pigs.repl.co///roxport.figs4pigs.repl.co/
https://proxyportalv2.figs4pigs.repl.co///roxyportal.figs4pigs.repl.co/example.com
https://proxyportalv2.figs4pigs.repl.co///roxport.figs4pigs.repl.co/
https://proxyportalv2.figs4pigs.repl.co///sw.js/s/search/audio/roxyportal.figs4pigs.repl.co/example.com
https://proxyportalv2.figs4pigs.repl.co///sw.js/s/search/audio/roxport.figs4pigs.repl.co/
https://proxyportalv2.figs4pigs.repl.co///roxyportal.figs4pigs.repl.co/example.com
https://proxyportalv2.figs4pigs.repl.co///roxport.figs4pigs.repl.co/
https://proxyportalv2.figs4pigs.repl.co///manifest.webmanifest/s/player/c153b631/player_ias.vflset/en_US/roxyportal.figs4pigs.repl.co/example.com
https://proxyportalv2.figs4pigs.repl.co///manifest.webmanifest/s/player/c153b631/player_ias.vflset/en_US/roxport.figs4pigs.repl.co/
https://proxyportalv2.figs4pigs.repl.co///manifest.webmanifest/s/player/c153b631/player_ias.vflset/en_US/roxyportal.figs4pigs.repl.co/example.com
https://proxyportalv2.figs4pigs.repl.co///manifest.webmanifest/s/player/c153b631/player_ias.vflset/en_US/roxport.figs4pigs.repl.co/
https://proxyportalv2.figs4pigs.repl.co///manifest.webmanifest/s/player/c153b631/player_ias.vflset/en_US/roxyportal.figs4pigs.repl.co/example.com
https://proxyportalv2.figs4pigs.repl.co///manifest.webmanifest/s/player/c153b631/player_ias.vflset/en_US/roxport.figs4pigs.repl.co/
https://proxyportalv2.figs4pigs.repl.co///roxyportal.figs4pigs.repl.co/example.com
https://proxyportalv2.figs4pigs.repl.co///roxport.figs4pigs.repl.co/
https://proxyportalv2.figs4pigs.repl.co///figs4pigs.com/home/3D-games.html
https://proxyportalv2.figs4pigs.repl.co///figs4pigs.com/home/Basic.html
https://proxyportalv2.figs4pigs.repl.co///figs4pigs.com/home/Sandbox.html
https://proxyportalv2.figs4pigs.repl.co///figs4pigs.com/home/2D-games.html
https://proxyportalv2.figs4pigs.repl.co///figs4pigs.com/home/drive.google.com/u/1/uc?id=1d-2ccAHnVxdAkh7YQ2wIaoFzvCAzlEsk&export=download
https://proxyportalv2.figs4pigs.repl.co///figs4pigs.com/home/drive.google.com/u/1/uc?id=1d6bZpjxUJ7WeHUoqUVuDACVI2fcq7GuQ&export=download
https://proxyportalv2.figs4pigs.repl.co///figs4pigs.com/home/drive.google.com/u/1/uc?id=1d6Whs8EY5SccqHwDxuSKu3MDfx7JhhBZ&export=download
https://proxyportalv2.figs4pigs.repl.co///figs4pigs.com/home/drive.google.com/u/1/uc?id=1d3lR02N13edLkzPIJV1g6w8RPiTq-eYe&export=download
https://proxyportalv2.figs4pigs.repl.co///figs4pigs.com/home/figs4pigs.com/paper/rick-servicd
https://proxyportalv2.figs4pigs.repl.co///figs4pigs.com/home/images/starship.png
https://proxyportalv2.figs4pigs.repl.co///figs4pigs.com/home/images/image1.png
https://proxyportalv2.figs4pigs.repl.co///figs4pigs.com/home/jquery.js
https://proxyportalv2.figs4pigs.repl.co///figs4pigs.com/home/nicepage.js
https://proxyportalv2.figs4pigs.repl.co///figs4pigs.com/home/figs4pigs.neocities.org/newupdate/update1.2.0.js
https://proxyportalv2.figs4pigs.repl.co///figs4pigs.com/home/figs4pigs.com/newupdate/update1.2.0.js
https://proxyportalv2.figs4pigs.repl.co///figs4pigs.com/./home/
https://proxyportalv2.figs4pigs.repl.co///figs4pigs.com/home/3D-games.html
https://proxyportalv2.figs4pigs.repl.co///figs4pigs.com/home/Basic.html
https://proxyportalv2.figs4pigs.repl.co///figs4pigs.com/home/Sandbox.html
https://proxyportalv2.figs4pigs.repl.co///figs4pigs.com/home/2D-games.html
https://proxyportalv2.figs4pigs.repl.co///figs4pigs.com/home/drive.google.com/u/1/uc?id=1d-2ccAHnVxdAkh7YQ2wIaoFzvCAzlEsk&export=download
https://proxyportalv2.figs4pigs.repl.co///figs4pigs.com/home/drive.google.com/u/1/uc?id=1d6bZpjxUJ7WeHUoqUVuDACVI2fcq7GuQ&export=download
https://proxyportalv2.figs4pigs.repl.co///figs4pigs.com/home/drive.google.com/u/1/uc?id=1d6Whs8EY5SccqHwDxuSKu3MDfx7JhhBZ&export=download
https://proxyportalv2.figs4pigs.repl.co///figs4pigs.com/home/drive.google.com/u/1/uc?id=1d3lR02N13edLkzPIJV1g6w8RPiTq-eYe&export=download
https://proxyportalv2.figs4pigs.repl.co///figs4pigs.com/home/figs4pigs.com/paper/rick-servicd
https://proxyportalv2.figs4pigs.repl.co///figs4pigs.com/home/images/starship.png
https://proxyportalv2.figs4pigs.repl.co///figs4pigs.com/home/images/image1.png
https://proxyportalv2.figs4pigs.repl.co///figs4pigs.com/home/jquery.js
https://proxyportalv2.figs4pigs.repl.co///figs4pigs.com/home/nicepage.js
https://proxyportalv2.figs4pigs.repl.co///figs4pigs.com/home/figs4pigs.neocities.org/newupdate/update1.2.0.js
https://proxyportalv2.figs4pigs.repl.co///figs4pigs.com/home/figs4pigs.com/newupdate/update1.2.0.js
https://proxyportal.figs4pigs.repl.co///figs4pigs.com/home/3D-games.html
https://proxyportal.figs4pigs.repl.co///figs4pigs.com/home/Basic.html
https://proxyportal.figs4pigs.repl.co///figs4pigs.com/home/Sandbox.html
https://proxyportal.figs4pigs.repl.co///figs4pigs.com/home/2D-games.html
https://proxyportal.figs4pigs.repl.co///figs4pigs.com/home/drive.google.com/u/1/uc?id=1d-2ccAHnVxdAkh7YQ2wIaoFzvCAzlEsk&export=download
https://proxyportal.figs4pigs.repl.co///figs4pigs.com/home/drive.google.com/u/1/uc?id=1d6bZpjxUJ7WeHUoqUVuDACVI2fcq7GuQ&export=download
https://proxyportal.figs4pigs.repl.co///figs4pigs.com/home/drive.google.com/u/1/uc?id=1d6Whs8EY5SccqHwDxuSKu3MDfx7JhhBZ&export=download
https://proxyportal.figs4pigs.repl.co///figs4pigs.com/home/drive.google.com/u/1/uc?id=1d3lR02N13edLkzPIJV1g6w8RPiTq-eYe&export=download
https://proxyportal.figs4pigs.repl.co///figs4pigs.com/home/figs4pigs.com/paper/rick-servicd
https://proxyportal.figs4pigs.repl.co///figs4pigs.com/home/images/starship.png
https://proxyportal.figs4pigs.repl.co///figs4pigs.com/home/images/image1.png
https://proxyportal.figs4pigs.repl.co///figs4pigs.com/home/jquery.js
https://proxyportal.figs4pigs.repl.co///figs4pigs.com/home/nicepage.js
https://proxyportal.figs4pigs.repl.co///figs4pigs.com/home/figs4pigs.neocities.org/newupdate/update1.2.0.js
https://proxyportal.figs4pigs.repl.co///figs4pigs.com/home/figs4pigs.com/newupdate/update1.2.0.js
https://proxyportal.figs4pigs.repl.co///figs4pigs.com/home/3D-games.html
https://proxyportal.figs4pigs.repl.co///figs4pigs.com/home/Basic.html
https://proxyportal.figs4pigs.repl.co///figs4pigs.com/home/Sandbox.html
https://proxyportal.figs4pigs.repl.co///figs4pigs.com/home/2D-games.html
https://proxyportal.figs4pigs.repl.co///figs4pigs.com/home/drive.google.com/u/1/uc?id=1d-2ccAHnVxdAkh7YQ2wIaoFzvCAzlEsk&export=download
https://proxyportal.figs4pigs.repl.co///figs4pigs.com/home/drive.google.com/u/1/uc?id=1d6bZpjxUJ7WeHUoqUVuDACVI2fcq7GuQ&export=download
https://proxyportal.figs4pigs.repl.co///figs4pigs.com/home/drive.google.com/u/1/uc?id=1d6Whs8EY5SccqHwDxuSKu3MDfx7JhhBZ&export=download
https://proxyportal.figs4pigs.repl.co///figs4pigs.com/home/drive.google.com/u/1/uc?id=1d3lR02N13edLkzPIJV1g6w8RPiTq-eYe&export=download
https://proxyportal.figs4pigs.repl.co///figs4pigs.com/home/figs4pigs.com/paper/rick-servicd
https://proxyportal.figs4pigs.repl.co///figs4pigs.com/home/images/starship.png
https://proxyportal.figs4pigs.repl.co///figs4pigs.com/home/images/image1.png
https://proxyportal.figs4pigs.repl.co///figs4pigs.com/home/jquery.js
https://proxyportal.figs4pigs.repl.co///figs4pigs.com/home/nicepage.js
https://proxyportal.figs4pigs.repl.co///figs4pigs.com/home/figs4pigs.neocities.org/newupdate/update1.2.0.js
https://proxyportal.figs4pigs.repl.co///figs4pigs.com/home/figs4pigs.com/newupdate/update1.2.0.js
https://proxyportal.figs4pigs.repl.co///figs4pigs.com/./home/
https://proxyportal.figs4pigs.repl.co///figs4pigs.com/home/3D-games.html
https://proxyportal.figs4pigs.repl.co///figs4pigs.com/home/Basic.html
https://proxyportal.figs4pigs.repl.co///figs4pigs.com/home/Sandbox.html
https://proxyportal.figs4pigs.repl.co///figs4pigs.com/home/2D-games.html
https://proxyportal.figs4pigs.repl.co///figs4pigs.com/home/drive.google.com/u/1/uc?id=1d-2ccAHnVxdAkh7YQ2wIaoFzvCAzlEsk&export=download
https://proxyportal.figs4pigs.repl.co///figs4pigs.com/home/drive.google.com/u/1/uc?id=1d6bZpjxUJ7WeHUoqUVuDACVI2fcq7GuQ&export=download
https://proxyportal.figs4pigs.repl.co///figs4pigs.com/home/drive.google.com/u/1/uc?id=1d6Whs8EY5SccqHwDxuSKu3MDfx7JhhBZ&export=download
https://proxyportal.figs4pigs.repl.co///figs4pigs.com/home/drive.google.com/u/1/uc?id=1d3lR02N13edLkzPIJV1g6w8RPiTq-eYe&export=download
https://proxyportal.figs4pigs.repl.co///figs4pigs.com/home/figs4pigs.com/paper/rick-servicd
https://proxyportal.figs4pigs.repl.co///figs4pigs.com/home/images/starship.png
https://proxyportal.figs4pigs.repl.co///figs4pigs.com/home/images/image1.png
https://proxyportal.figs4pigs.repl.co///figs4pigs.com/home/jquery.js
https://proxyportal.figs4pigs.repl.co///figs4pigs.com/home/nicepage.js
https://proxyportal.figs4pigs.repl.co///figs4pigs.com/home/figs4pigs.neocities.org/newupdate/update1.2.0.js
https://proxyportal.figs4pigs.repl.co///figs4pigs.com/home/figs4pigs.com/newupdate/update1.2.0.js
https://proxyportal.figs4pigs.repl.co///figs4pigs.com/home/games/script.js
https://proxyportal.figs4pigs.repl.co///figs4pigs.com/home/games/starship/script.js
https://proxyportal.figs4pigs.repl.co///orteil.dashnet.org/cookieclicker///orteil.dashnet.org
https://proxyportal.figs4pigs.repl.co///orteil.dashnet.org/cookieclicker///dashnet.org
https://proxyportal.figs4pigs.repl.co///orteil.dashnet.org/cookieclicker/witter.com/orteil42
https://proxyportal.figs4pigs.repl.co///orteil.dashnet.org/cookieclicker/orteil42.tumblr.com
https://proxyportal.figs4pigs.repl.co///orteil.dashnet.org/cookieclicker/discordapp.com/invite/cookie
https://proxyportal.figs4pigs.repl.co///orteil.dashnet.org/cookieclicker/www.redbubble.com/people/dashnet
https://proxyportal.figs4pigs.repl.co///orteil.dashnet.org/cookieclicker/www.patreon.com/dashnet
https://proxyportal.figs4pigs.repl.co///orteil.dashnet.org/cookieclicker/lay.google.com/store/apps/details?id=org.dashnet.cookieclicker
https://proxyportal.figs4pigs.repl.co///orteil.dashnet.org/cookieclicker/ore.steampowered.com/app/1454400/Cookie_Clicker/
https://proxyportal.figs4pigs.repl.co///orteil.dashnet.org/cookieclicker///orteil.dashnet.org/randomgen/
https://proxyportal.figs4pigs.repl.co///orteil.dashnet.org/cookieclicker///orteil.dashnet.org/igm/
https://proxyportal.figs4pigs.repl.co///orteil.dashnet.org/cookieclicker/../
https://proxyportal.figs4pigs.repl.co///orteil.dashnet.org/cookieclicker/beta
https://proxyportal.figs4pigs.repl.co///orteil.dashnet.org/cookieclicker///orteil.dashnet.org/cookieclicker/v10466
https://proxyportal.figs4pigs.repl.co///orteil.dashnet.org/cookieclicker///orteil.dashnet.org/experiments/cookie/
https://proxyportal.figs4pigs.repl.co///orteil.dashnet.org/cookieclicker/www.patreon.com/dashnet
https://proxyportal.figs4pigs.repl.co///orteil.dashnet.org/cookieclicker/www.aq.com/landing/cookie/?utm_campaign=AQW_CookieClicker&utm_source=CookieClicker
https://proxyportal.figs4pigs.repl.co///orteil.dashnet.org/cookieclicker/www.facebook.com/tr?id=357399801355203&ev=PageView&noscript=1
https://proxyportal.figs4pigs.repl.co///orteil.dashnet.org/cookieclicker///cdnjs.cloudflare.com/ajax/libs/cookieconsent2/1.0.9/cookieconsent.min.js
https://proxyportal.figs4pigs.repl.co///orteil.dashnet.org/cookieclicker/base64.js
https://proxyportal.figs4pigs.repl.co///orteil.dashnet.org/cookieclicker/main.js?v=10
https://proxyportal.figs4pigs.repl.co///orteil.dashnet.org/cookieclicker/showads.js
https://proxyportal.figs4pigs.repl.co///orteil.dashnet.org/cookieclicker/agead2.googlesyndication.com/pagead/js/adsbygoogle.js
https://proxyportal.figs4pigs.repl.co///orteil.dashnet.org/cookieclicker///pagead2.googlesyndication.com/pagead/js/adsbygoogle.js
https://proxyportal.figs4pigs.repl.co///orteil.dashnet.org/cookieclicker///pagead2.googlesyndication.com/pagead/js/adsbygoogle.js
https://proxyportal.figs4pigs.repl.co///orteil.dashnet.org/cookieclicker/cdnjs.cloudflare.com/ajax/libs/cookieconsent2/1.0.9/www.dashnet.org
https://proxyportal.figs4pigs.repl.co///orteil.dashnet.org/cookieclicker/cdnjs.cloudflare.com/ajax/libs/cookieconsent2/1.0.9/orteil42.tumblr.com
https://proxyportal.figs4pigs.repl.co///orteil.dashnet.org/cookieclicker/cdnjs.cloudflare.com/ajax/libs/cookieconsent2/1.0.9/www.dashnet.org
https://proxyportal.figs4pigs.repl.co///orteil.dashnet.org/cookieclicker/cdnjs.cloudflare.com/ajax/libs/cookieconsent2/1.0.9/orteil.dashnet.org
https://proxyportal.figs4pigs.repl.co///orteil.dashnet.org/cookieclicker/cdnjs.cloudflare.com/ajax/libs/cookieconsent2/1.0.9/dashnet.org
https://proxyportal.figs4pigs.repl.co///orteil.dashnet.org/cookieclicker/agead2.googlesyndication.com/pagead/js/www.dashnet.org
https://proxyportal.figs4pigs.repl.co///orteil.dashnet.org/cookieclicker/agead2.googlesyndication.com/pagead/js/orteil42.tumblr.com
https://proxyportal.figs4pigs.repl.co///orteil.dashnet.org/cookieclicker/agead2.googlesyndication.com/pagead/js/www.dashnet.org
https://proxyportal.figs4pigs.repl.co///orteil.dashnet.org/cookieclicker/agead2.googlesyndication.com/pagead/js/orteil.dashnet.org
https://proxyportal.figs4pigs.repl.co///orteil.dashnet.org/cookieclicker/agead2.googlesyndication.com/pagead/js/dashnet.org
https://proxyportal.figs4pigs.repl.co///orteil.dashnet.org/cookieclicker/pagead2.googlesyndication.com/pagead/js/www.dashnet.org
https://proxyportal.figs4pigs.repl.co///orteil.dashnet.org/cookieclicker/pagead2.googlesyndication.com/pagead/js/orteil42.tumblr.com
https://proxyportal.figs4pigs.repl.co///orteil.dashnet.org/cookieclicker/pagead2.googlesyndication.com/pagead/js/www.dashnet.org
https://proxyportal.figs4pigs.repl.co///orteil.dashnet.org/cookieclicker/pagead2.googlesyndication.com/pagead/js/orteil.dashnet.org
https://proxyportal.figs4pigs.repl.co///orteil.dashnet.org/cookieclicker/pagead2.googlesyndication.com/pagead/js/dashnet.org
https://proxyportal.figs4pigs.repl.co///orteil.dashnet.org/cookieclickerimg/www.dashnet.org
https://proxyportal.figs4pigs.repl.co///orteil.dashnet.org/cookieclickerimg/orteil42.tumblr.com
https://proxyportal.figs4pigs.repl.co///orteil.dashnet.org/cookieclickerimg/www.dashnet.org
https://proxyportal.figs4pigs.repl.co///orteil.dashnet.org/cookieclickerimg/orteil.dashnet.org
https://proxyportal.figs4pigs.repl.co///orteil.dashnet.org/cookieclickerimg/dashnet.org
https://proxyportal.figs4pigs.repl.co///orteil.dashnet.org/cookieclickerimg/www.dashnet.org
https://proxyportal.figs4pigs.repl.co///orteil.dashnet.org/cookieclickerimg/orteil42.tumblr.com
https://proxyportal.figs4pigs.repl.co///orteil.dashnet.org/cookieclickerimg/www.dashnet.org
https://proxyportal.figs4pigs.repl.co///orteil.dashnet.org/cookieclickerimg/orteil.dashnet.org
https://proxyportal.figs4pigs.repl.co///orteil.dashnet.org/cookieclickerimg/dashnet.org
https://proxyportal.figs4pigs.repl.co///orteil.dashnet.org/cookieclickerimg/www.dashnet.org
https://proxyportal.figs4pigs.repl.co///orteil.dashnet.org/cookieclickerimg/orteil42.tumblr.com
https://proxyportal.figs4pigs.repl.co///orteil.dashnet.org/cookieclickerimg/www.dashnet.org
https://proxyportal.figs4pigs.repl.co///orteil.dashnet.org/cookieclickerimg/orteil.dashnet.org
https://proxyportal.figs4pigs.repl.co///orteil.dashnet.org/cookieclickerimg/dashnet.org
https://proxyportal.figs4pigs.repl.co///orteil.dashnet.org/cookieclickerimg/www.dashnet.org
https://proxyportal.figs4pigs.repl.co///orteil.dashnet.org/cookieclickerimg/orteil42.tumblr.com
https://proxyportal.figs4pigs.repl.co///orteil.dashnet.org/cookieclickerimg/www.dashnet.org
https://proxyportal.figs4pigs.repl.co///orteil.dashnet.org/cookieclickerimg/orteil.dashnet.org
https://proxyportal.figs4pigs.repl.co///orteil.dashnet.org/cookieclickerimg/dashnet.org
https://proxyportal.figs4pigs.repl.co///orteil.dashnet.org/cookieclickerimg/www.dashnet.org
https://proxyportal.figs4pigs.repl.co///orteil.dashnet.org/cookieclickerimg/orteil42.tumblr.com
https://proxyportal.figs4pigs.repl.co///orteil.dashnet.org/cookieclickerimg/www.dashnet.org
https://proxyportal.figs4pigs.repl.co///orteil.dashnet.org/cookieclickerimg/orteil.dashnet.org
https://proxyportal.figs4pigs.repl.co///orteil.dashnet.org/cookieclickerimg/dashnet.org
https://proxyportal.figs4pigs.repl.co///orteil.dashnet.org/cookieclickerimg/www.dashnet.org
https://proxyportal.figs4pigs.repl.co///orteil.dashnet.org/cookieclickerimg/orteil42.tumblr.com
https://proxyportal.figs4pigs.repl.co///orteil.dashnet.org/cookieclickerimg/www.dashnet.org
https://proxyportal.figs4pigs.repl.co///orteil.dashnet.org/cookieclickerimg/orteil.dashnet.org
https://proxyportal.figs4pigs.repl.co///orteil.dashnet.org/cookieclickerimg/dashnet.org
https://proxyportal.figs4pigs.repl.co///roxyportal.figs4pigs.repl.co/example.com
https://proxyportal.figs4pigs.repl.co///roxport.figs4pigs.repl.co/
https://proxyportal.figs4pigs.repl.co///./image.png
https://proxyportal.figs4pigs.repl.co///image.png/hi/roxyportal.figs4pigs.repl.co/example.com
https://proxyportal.figs4pigs.repl.co///image.png/hi/roxport.figs4pigs.repl.co/
https://proxyportal.figs4pigs.repl.co///image.png/hi/./image.png
https://proxyportal.figs4pigs.repl.co///image.png/hi/roxyportal.figs4pigs.repl.co/example.com
https://proxyportal.figs4pigs.repl.co///image.png/hi/roxport.figs4pigs.repl.co/
https://proxyportal.figs4pigs.repl.co///image.png/hi/./image.png
https://proxyportal.figs4pigs.repl.co///roxyportal.figs4pigs.repl.co/example.com
https://proxyportal.figs4pigs.repl.co///roxport.figs4pigs.repl.co/
https://proxyportal.figs4pigs.repl.co///./image.png
https://proxyportal.figs4pigs.repl.co///roxyportal.figs4pigs.repl.co/example.com
https://proxyportal.figs4pigs.repl.co///roxport.figs4pigs.repl.co/
https://proxyportal.figs4pigs.repl.co///./image.png
https://proxyportal.figs4pigs.repl.co///roxyportal.figs4pigs.repl.co/example.com
https://proxyportal.figs4pigs.repl.co///roxport.figs4pigs.repl.co/
https://proxyportal.figs4pigs.repl.co///./image.png
https://proxyportal.figs4pigs.repl.co///roxyportal.figs4pigs.repl.co/example.com
https://proxyportal.figs4pigs.repl.co///roxport.figs4pigs.repl.co/
https://proxyportal.figs4pigs.repl.co///./image.png
https://proxyportal.figs4pigs.repl.co///roxyportal.figs4pigs.repl.co/example.com
https://proxyportal.figs4pigs.repl.co///roxport.figs4pigs.repl.co/
https://proxyportal.figs4pigs.repl.co///./image.png
https://proxyportal.figs4pigs.repl.co///roxyportal.figs4pigs.repl.co/example.com
https://proxyportal.figs4pigs.repl.co///roxport.figs4pigs.repl.co/
https://proxyportal.figs4pigs.repl.co///./image.png
https://proxyportal.figs4pigs.repl.co///roxyportal.figs4pigs.repl.co/example.com
https://proxyportal.figs4pigs.repl.co///roxport.figs4pigs.repl.co/
https://proxyportal.figs4pigs.repl.co///./image.png
https://proxyportal.figs4pigs.repl.co///image.png/logs/roxyportal.figs4pigs.repl.co/example.com
https://proxyportal.figs4pigs.repl.co///image.png/logs/roxport.figs4pigs.repl.co/
https://proxyportal.figs4pigs.repl.co///image.png/logs/./image.png
https://proxyportal.figs4pigs.repl.co///image.png/logs/roxyportal.figs4pigs.repl.co/example.com
https://proxyportal.figs4pigs.repl.co///image.png/logs/roxport.figs4pigs.repl.co/
https://proxyportal.figs4pigs.repl.co///image.png/logs/./image.png
https://proxyportal.figs4pigs.repl.co///roxyportal.figs4pigs.repl.co/example.com
https://proxyportal.figs4pigs.repl.co///roxport.figs4pigs.repl.co/
https://proxyportal.figs4pigs.repl.co///./image.png
https://proxyportal.figs4pigs.repl.co///roxyportal.figs4pigs.repl.co/example.com
https://proxyportal.figs4pigs.repl.co///roxport.figs4pigs.repl.co/
https://proxyportal.figs4pigs.repl.co///./image.png
https://proxyportal.figs4pigs.repl.co///roxyportal.figs4pigs.repl.co/example.com
https://proxyportal.figs4pigs.repl.co///roxport.figs4pigs.repl.co/
https://proxyportal.figs4pigs.repl.co///./image.png
https://proxyportal.figs4pigs.repl.co///roxyportal.figs4pigs.repl.co/example.com
https://proxyportal.figs4pigs.repl.co///roxport.figs4pigs.repl.co/
https://proxyportal.figs4pigs.repl.co///./image.png
https://proxyportal.figs4pigs.repl.co///roxyportal.figs4pigs.repl.co/example.com
https://proxyportal.figs4pigs.repl.co///roxport.figs4pigs.repl.co/
https://proxyportal.figs4pigs.repl.co///./image.png
https://proxyportal.figs4pigs.repl.co///roxyportal.figs4pigs.repl.co/example.com
https://proxyportal.figs4pigs.repl.co///roxport.figs4pigs.repl.co/
https://proxyportal.figs4pigs.repl.co///./image.png
https://proxyportal.figs4pigs.repl.co///image.png/roxyportal.figs4pigs.repl.co/example.com
https://proxyportal.figs4pigs.repl.co///image.png/roxport.figs4pigs.repl.co/
https://proxyportal.figs4pigs.repl.co///image.png/./image.png
https://proxyportal.figs4pigs.repl.co///roxyportal.figs4pigs.repl.co/example.com
https://proxyportal.figs4pigs.repl.co///roxport.figs4pigs.repl.co/
https://proxyportal.figs4pigs.repl.co///./image.png
https://proxyportal.figs4pigs.repl.co///roxyportal.figs4pigs.repl.co/example.com
https://proxyportal.figs4pigs.repl.co///roxport.figs4pigs.repl.co/
https://proxyportal.figs4pigs.repl.co///./image.png
https://proxyportal.figs4pigs.repl.co///roxyportal.figs4pigs.repl.co/example.com
https://proxyportal.figs4pigs.repl.co///roxport.figs4pigs.repl.co/
https://proxyportal.figs4pigs.repl.co///orteil.dashnet.org/cookieclicker/cdnjs.cloudflare.com/ajax/libs/cookieconsent2/1.0.9/www.dashnet.org
https://proxyportal.figs4pigs.repl.co///orteil.dashnet.org/cookieclicker/cdnjs.cloudflare.com/ajax/libs/cookieconsent2/1.0.9/orteil42.tumblr.com
https://proxyportal.figs4pigs.repl.co///orteil.dashnet.org/cookieclicker/cdnjs.cloudflare.com/ajax/libs/cookieconsent2/1.0.9/www.dashnet.org
https://proxyportal.figs4pigs.repl.co///orteil.dashnet.org/cookieclicker/cdnjs.cloudflare.com/ajax/libs/cookieconsent2/1.0.9/orteil.dashnet.org
https://proxyportal.figs4pigs.repl.co///orteil.dashnet.org/cookieclicker/cdnjs.cloudflare.com/ajax/libs/cookieconsent2/1.0.9/dashnet.org
https://proxyportal.figs4pigs.repl.co///orteil.dashnet.org/cookieclicker/agead2.googlesyndication.com/pagead/js/www.dashnet.org
https://proxyportal.figs4pigs.repl.co///orteil.dashnet.org/cookieclicker/agead2.googlesyndication.com/pagead/js/orteil42.tumblr.com
https://proxyportal.figs4pigs.repl.co///orteil.dashnet.org/cookieclicker/agead2.googlesyndication.com/pagead/js/www.dashnet.org
https://proxyportal.figs4pigs.repl.co///orteil.dashnet.org/cookieclicker/agead2.googlesyndication.com/pagead/js/orteil.dashnet.org
https://proxyportal.figs4pigs.repl.co///orteil.dashnet.org/cookieclicker/agead2.googlesyndication.com/pagead/js/dashnet.org
https://proxyportal.figs4pigs.repl.co///orteil.dashnet.org/cookieclicker/pagead2.googlesyndication.com/pagead/js/www.dashnet.org
https://proxyportal.figs4pigs.repl.co///orteil.dashnet.org/cookieclicker/pagead2.googlesyndication.com/pagead/js/orteil42.tumblr.com
https://proxyportal.figs4pigs.repl.co///orteil.dashnet.org/cookieclicker/pagead2.googlesyndication.com/pagead/js/www.dashnet.org
https://proxyportal.figs4pigs.repl.co///orteil.dashnet.org/cookieclicker/pagead2.googlesyndication.com/pagead/js/orteil.dashnet.org
https://proxyportal.figs4pigs.repl.co///orteil.dashnet.org/cookieclicker/pagead2.googlesyndication.com/pagead/js/dashnet.org
https://proxyportal.figs4pigs.repl.co///orteil.dashnet.org/cookieclickerimg/www.dashnet.org
https://proxyportal.figs4pigs.repl.co///orteil.dashnet.org/cookieclickerimg/orteil42.tumblr.com
https://proxyportal.figs4pigs.repl.co///orteil.dashnet.org/cookieclickerimg/www.dashnet.org
https://proxyportal.figs4pigs.repl.co///orteil.dashnet.org/cookieclickerimg/orteil.dashnet.org
https://proxyportal.figs4pigs.repl.co///orteil.dashnet.org/cookieclickerimg/dashnet.org
https://proxyportal.figs4pigs.repl.co///orteil.dashnet.org/cookieclickerimg/www.dashnet.org
https://proxyportal.figs4pigs.repl.co///orteil.dashnet.org/cookieclickerimg/orteil42.tumblr.com
https://proxyportal.figs4pigs.repl.co///orteil.dashnet.org/cookieclickerimg/www.dashnet.org
https://proxyportal.figs4pigs.repl.co///orteil.dashnet.org/cookieclickerimg/orteil.dashnet.org
https://proxyportal.figs4pigs.repl.co///orteil.dashnet.org/cookieclickerimg/dashnet.org
https://proxyportal.figs4pigs.repl.co///orteil.dashnet.org/cookieclickerimg/www.dashnet.org
https://proxyportal.figs4pigs.repl.co///orteil.dashnet.org/cookieclickerimg/orteil42.tumblr.com
https://proxyportal.figs4pigs.repl.co///orteil.dashnet.org/cookieclickerimg/www.dashnet.org
https://proxyportal.figs4pigs.repl.co///orteil.dashnet.org/cookieclickerimg/orteil.dashnet.org
https://proxyportal.figs4pigs.repl.co///orteil.dashnet.org/cookieclickerimg/dashnet.org
https://proxyportal.figs4pigs.repl.co///orteil.dashnet.org/cookieclickerimg/www.dashnet.org
https://proxyportal.figs4pigs.repl.co///orteil.dashnet.org/cookieclickerimg/orteil42.tumblr.com
https://proxyportal.figs4pigs.repl.co///orteil.dashnet.org/cookieclickerimg/www.dashnet.org
https://proxyportal.figs4pigs.repl.co///orteil.dashnet.org/cookieclickerimg/orteil.dashnet.org
https://proxyportal.figs4pigs.repl.co///orteil.dashnet.org/cookieclickerimg/dashnet.org
https://proxyportal.figs4pigs.repl.co///orteil.dashnet.org/cookieclickerimg/www.dashnet.org
https://proxyportal.figs4pigs.repl.co///orteil.dashnet.org/cookieclickerimg/orteil42.tumblr.com
https://proxyportal.figs4pigs.repl.co///orteil.dashnet.org/cookieclickerimg/www.dashnet.org
https://proxyportal.figs4pigs.repl.co///orteil.dashnet.org/cookieclickerimg/orteil.dashnet.org
https://proxyportal.figs4pigs.repl.co///orteil.dashnet.org/cookieclickerimg/dashnet.org
https://proxyportal.figs4pigs.repl.co///orteil.dashnet.org/cookieclickerimg/www.dashnet.org
https://proxyportal.figs4pigs.repl.co///orteil.dashnet.org/cookieclickerimg/orteil42.tumblr.com
https://proxyportal.figs4pigs.repl.co///orteil.dashnet.org/cookieclickerimg/www.dashnet.org
https://proxyportal.figs4pigs.repl.co///orteil.dashnet.org/cookieclickerimg/orteil.dashnet.org
https://proxyportal.figs4pigs.repl.co///orteil.dashnet.org/cookieclickerimg/dashnet.org
https://proxyportal.figs4pigs.repl.co////static/js/2.f06a1a33.chunk.js
https://proxyportal.figs4pigs.repl.co////static/js/main.b95ca292.chunk.js
https://proxyportal.figs4pigs.repl.co///roxyportal.figs4pigs.repl.co/example.com
https://proxyportal.figs4pigs.repl.co///roxport.figs4pigs.repl.co/
https://proxyportal.figs4pigs.repl.co///roxyportal.figs4pigs.repl.co/example.com
https://proxyportal.figs4pigs.repl.co///roxport.figs4pigs.repl.co/
https://proxyportal.figs4pigs.repl.co///logo-white.png/static/media/roxyportal.figs4pigs.repl.co/example.com
https://proxyportal.figs4pigs.repl.co///logo-white.png/static/media/roxport.figs4pigs.repl.co/
https://proxyportal.figs4pigs.repl.co///logo-white.png/static/media/roxyportal.figs4pigs.repl.co/example.com
https://proxyportal.figs4pigs.repl.co///logo-white.png/static/media/roxport.figs4pigs.repl.co/
https://proxyportal.figs4pigs.repl.co///roxyportal.figs4pigs.repl.co/example.com
https://proxyportal.figs4pigs.repl.co///roxport.figs4pigs.repl.co/
https://proxyportal.figs4pigs.repl.co///roxyportal.figs4pigs.repl.co/example.com
https://proxyportal.figs4pigs.repl.co///roxport.figs4pigs.repl.co/
https://proxyportal.figs4pigs.repl.co///roxyportal.figs4pigs.repl.co/example.com
https://proxyportal.figs4pigs.repl.co///roxport.figs4pigs.repl.co/
https://proxyportal.figs4pigs.repl.co///roxyportal.figs4pigs.repl.co/example.com
https://proxyportal.figs4pigs.repl.co///roxport.figs4pigs.repl.co/
https://proxyportal.figs4pigs.repl.co///roxyportal.figs4pigs.repl.co/example.com
https://proxyportal.figs4pigs.repl.co///roxport.figs4pigs.repl.co/
https://proxyportal.figs4pigs.repl.co///roxyportal.figs4pigs.repl.co/example.com
https://proxyportal.figs4pigs.repl.co///roxport.figs4pigs.repl.co/
https://proxyportal.figs4pigs.repl.co///roxyportal.figs4pigs.repl.co/example.com
https://proxyportal.figs4pigs.repl.co///roxport.figs4pigs.repl.co/
https://proxyportal.figs4pigs.repl.co///roxyportal.figs4pigs.repl.co/example.com
https://proxyportal.figs4pigs.repl.co///roxport.figs4pigs.repl.co/